<?xml version="1.0" encoding="UTF-8"?>
<!-- Generated by org.testng.reporters.JUnitReportReporter -->
<testsuite skipped="0" hostname="DESKTOP-7JK4AN7" name="RealTimeScenarios.Runner" tests="1" failures="0" timestamp="2022-12-04T23:01:55 PST" time="53.749" errors="0">
  <testcase name="validateImdbAndWiki" time="53.749" classname="RealTimeScenarios.Runner"/>
  <system-out>
    <![CDATA[Both country names same]]>
  </system-out>
</testsuite> <!-- RealTimeScenarios.Runner -->
