<?xml version="1.0" encoding="UTF-8"?>
<!-- Generated by org.testng.reporters.JUnitReportReporter -->
<testsuite skipped="0" hostname="DESKTOP-7JK4AN7" name="org.testNG.practice.TestClass2" tests="3" failures="0" timestamp="2022-11-01T22:31:12 PDT" time="0.047" errors="0">
  <testcase name="testMethod2" time="0.006" classname="org.testNG.practice.TestClass2"/>
  <system-out/>
  <testcase name="testMethod3" time="0.011" classname="org.testNG.practice.TestClass2"/>
  <system-out/>
  <testcase name="testMethod1" time="0.030" classname="org.testNG.practice.TestClass2"/>
  <system-out/>
</testsuite> <!-- org.testNG.practice.TestClass2 -->
