<?xml version="1.0" encoding="UTF-8"?>
<!-- Generated by org.testng.reporters.JUnitReportReporter -->
<testsuite skipped="0" hostname="DESKTOP-7JK4AN7" name="org.testNG.practice.Priority" tests="2" failures="0" timestamp="2023-02-03T20:59:35 PST" time="0.026" errors="0">
  <testcase name="login" time="0.023" classname="org.testNG.practice.Priority"/>
  <system-out/>
  <testcase name="password" time="0.003" classname="org.testNG.practice.Priority"/>
  <system-out/>
</testsuite> <!-- org.testNG.practice.Priority -->
