<?xml version="1.0" encoding="UTF-8"?>
<!-- Generated by org.testng.reporters.JUnitReportReporter -->
<testsuite skipped="0" hostname="DESKTOP-7JK4AN7" name="org.testNG.practice.TestClass4" tests="4" failures="0" timestamp="2023-02-24T10:10:00 PST" time="0.123" errors="0">
  <testcase name="testMethod8" time="0.009" classname="org.testNG.practice.TestClass4"/>
  <system-out/>
  <testcase name="testMethod11" time="0.008" classname="org.testNG.practice.TestClass4"/>
  <system-out/>
  <testcase name="testMethod9" time="0.045" classname="org.testNG.practice.TestClass4"/>
  <system-out/>
  <testcase name="testMethod10" time="0.061" classname="org.testNG.practice.TestClass4"/>
  <system-out/>
</testsuite> <!-- org.testNG.practice.TestClass4 -->
