<?xml version="1.0" encoding="UTF-8"?>
<!-- Generated by org.testng.reporters.JUnitReportReporter -->
<testsuite skipped="0" hostname="DESKTOP-7JK4AN7" name="org.testNG.practice.Assertions" tests="1" failures="0" timestamp="2022-10-10T09:16:29 PDT" time="74.711" errors="0">
  <testcase name="method1" time="74.711" classname="org.testNG.practice.Assertions"/>
  <system-out/>
</testsuite> <!-- org.testNG.practice.Assertions -->
