<?xml version="1.0" encoding="UTF-8"?>
<!-- Generated by org.testng.reporters.JUnitReportReporter -->
<testsuite skipped="0" hostname="DESKTOP-7JK4AN7" name="org.testNG.practice.TestClass1" tests="3" failures="0" timestamp="2023-02-24T10:34:37 PST" time="0.098" errors="0">
  <testcase name="testMethod2" time="0.023" classname="org.testNG.practice.TestClass1"/>
  <system-out/>
  <testcase name="testMethod3" time="0.037" classname="org.testNG.practice.TestClass1"/>
  <system-out/>
  <testcase name="testMethod1" time="0.038" classname="org.testNG.practice.TestClass1"/>
  <system-out/>
</testsuite> <!-- org.testNG.practice.TestClass1 -->
