<?xml version="1.0" encoding="UTF-8"?>
<!-- Generated by org.testng.reporters.JUnitReportReporter -->
<testsuite skipped="0" hostname="DESKTOP-7JK4AN7" name="org.testNG.practice.Priority" tests="3" failures="0" timestamp="2023-02-24T11:20:00 PST" time="0.065" errors="0">
  <testcase name="login" time="0.035" classname="org.testNG.practice.Priority"/>
  <system-out/>
  <testcase name="enterHomepage" time="0.013" classname="org.testNG.practice.Priority"/>
  <system-out/>
  <testcase name="password" time="0.017" classname="org.testNG.practice.Priority"/>
  <system-out/>
</testsuite> <!-- org.testNG.practice.Priority -->
