<?xml version="1.0" encoding="UTF-8"?>
<!-- Generated by org.testng.reporters.JUnitReportReporter -->
<testsuite skipped="0" hostname="DESKTOP-7JK4AN7" name="org.testNG.practice.TestClass2" tests="4" failures="0" timestamp="2023-02-24T10:34:37 PST" time="0.017" errors="0">
  <testcase name="testMethod4" time="0.006" classname="org.testNG.practice.TestClass2"/>
  <system-out/>
  <testcase name="testMethod6" time="0.002" classname="org.testNG.practice.TestClass2"/>
  <system-out/>
  <testcase name="testMethod7" time="0.006" classname="org.testNG.practice.TestClass2"/>
  <system-out/>
  <testcase name="testMethod5" time="0.003" classname="org.testNG.practice.TestClass2"/>
  <system-out/>
</testsuite> <!-- org.testNG.practice.TestClass2 -->
