<?xml version="1.0" encoding="UTF-8"?>
<!-- Generated by org.testng.reporters.JUnitReportReporter -->
<testsuite skipped="0" hostname="DESKTOP-7JK4AN7" name="org.testNG.practice.FirstTest" tests="1" failures="0" timestamp="2023-02-22T11:55:15 PST" time="56.674" errors="0">
  <testcase name="TestGoogle" time="56.674" classname="org.testNG.practice.FirstTest"/>
  <system-out/>
</testsuite> <!-- org.testNG.practice.FirstTest -->
