<?xml version="1.0" encoding="UTF-8"?>
<!-- Generated by org.testng.reporters.JUnitReportReporter -->
<testsuite skipped="0" hostname="DESKTOP-7JK4AN7" name="org.testNG.practice.Testclass1" tests="2" failures="0" timestamp="2022-10-10T10:10:34 PDT" time="0.035" errors="0">
  <testcase name="testMethod2" time="0.022" classname="org.testNG.practice.Testclass1"/>
  <system-out/>
  <testcase name="testMethod3" time="0.013" classname="org.testNG.practice.Testclass1"/>
  <system-out/>
</testsuite> <!-- org.testNG.practice.Testclass1 -->
