<?xml version="1.0" encoding="UTF-8"?>
<!-- Generated by org.testng.reporters.JUnitReportReporter -->
<testsuite skipped="0" hostname="DESKTOP-7JK4AN7" name="org.testNG.practice.TestClass3" tests="4" failures="0" timestamp="2022-08-12T02:24:21 PDT" time="0.026" errors="0">
  <testcase name="testMethod10" time="0.008" classname="org.testNG.practice.TestClass3"/>
  <system-out/>
  <testcase name="testMethod9" time="0.008" classname="org.testNG.practice.TestClass3"/>
  <system-out/>
  <testcase name="testMethod11" time="0.005" classname="org.testNG.practice.TestClass3"/>
  <system-out/>
  <testcase name="testMethod8" time="0.005" classname="org.testNG.practice.TestClass3"/>
  <system-out/>
</testsuite> <!-- org.testNG.practice.TestClass3 -->
